<?xml version="1.0" encoding="utf-8"?><testsuites name="pytest tests"><testsuite name="pytest" errors="0" failures="0" skipped="0" tests="19" time="4.533" timestamp="2026-01-14T00:53:46.761066+00:00" hostname="agent-env-e446882d-9634-40fc-887c-cc3cb5da6c6e"><testcase classname="tests.test_badal_api.TestHealth" name="test_health_endpoint" time="0.102" /><testcase classname="tests.test_badal_api.TestAuth" name="test_admin_login" time="0.303" /><testcase classname="tests.test_badal_api.TestAuth" name="test_user_login" time="0.258" /><testcase classname="tests.test_badal_api.TestAuth" name="test_invalid_login" time="0.077" /><testcase classname="tests.test_badal_api.TestNotifications" name="test_get_notifications" time="0.333" /><testcase classname="tests.test_badal_api.TestNotifications" name="test_get_unread_count" time="0.293" /><testcase classname="tests.test_badal_api.TestNotifications" name="test_mark_all_notifications_read" time="0.358" /><testcase classname="tests.test_badal_api.TestMessages" name="test_get_conversations" time="0.295" /><testcase classname="tests.test_badal_api.TestMessages" name="test_get_unread_messages_count" time="0.291" /><testcase classname="tests.test_badal_api.TestPages" name="test_get_pages" time="0.330" /><testcase classname="tests.test_badal_api.TestPages" name="test_create_page" time="0.294" /><testcase classname="tests.test_badal_api.TestPages" name="test_update_page" time="0.329" /><testcase classname="tests.test_badal_api.TestSettings" name="test_get_settings" time="0.037" /><testcase classname="tests.test_badal_api.TestSettings" name="test_update_settings" time="0.324" /><testcase classname="tests.test_badal_api.TestOffers" name="test_get_offers" time="0.066" /><testcase classname="tests.test_badal_api.TestOffers" name="test_get_single_offer" time="0.090" /><testcase classname="tests.test_badal_api.TestOffers" name="test_update_offer" time="0.337" /><testcase classname="tests.test_badal_api.TestOffers" name="test_update_offer_status" time="0.319" /><testcase classname="tests.test_badal_api.TestBlog" name="test_get_blog_posts" time="0.031" /></testsuite></testsuites>