<?xml version="1.0" encoding="utf-8"?><testsuites name="pytest tests"><testsuite name="pytest" errors="0" failures="2" skipped="0" tests="19" time="4.505" timestamp="2026-01-14T00:51:59.372752+00:00" hostname="agent-env-e446882d-9634-40fc-887c-cc3cb5da6c6e"><testcase classname="tests.test_badal_api.TestHealth" name="test_health_endpoint" time="0.081" /><testcase classname="tests.test_badal_api.TestAuth" name="test_admin_login" time="0.259" /><testcase classname="tests.test_badal_api.TestAuth" name="test_user_login" time="0.266" /><testcase classname="tests.test_badal_api.TestAuth" name="test_invalid_login" time="0.073" /><testcase classname="tests.test_badal_api.TestNotifications" name="test_get_notifications" time="0.296" /><testcase classname="tests.test_badal_api.TestNotifications" name="test_get_unread_count" time="0.292" /><testcase classname="tests.test_badal_api.TestNotifications" name="test_mark_all_notifications_read" time="0.405" /><testcase classname="tests.test_badal_api.TestMessages" name="test_get_conversations" time="0.291" /><testcase classname="tests.test_badal_api.TestMessages" name="test_get_unread_messages_count" time="0.296" /><testcase classname="tests.test_badal_api.TestPages" name="test_get_pages" time="0.297" /><testcase classname="tests.test_badal_api.TestPages" name="test_create_page" time="0.296" /><testcase classname="tests.test_badal_api.TestPages" name="test_update_page" time="0.374" /><testcase classname="tests.test_badal_api.TestSettings" name="test_get_settings" time="0.034" /><testcase classname="tests.test_badal_api.TestSettings" name="test_update_settings" time="0.326" /><testcase classname="tests.test_badal_api.TestOffers" name="test_get_offers" time="0.065" /><testcase classname="tests.test_badal_api.TestOffers" name="test_get_single_offer" time="0.104" /><testcase classname="tests.test_badal_api.TestOffers" name="test_update_offer" time="0.286"><failure message="KeyError: 0">tests/test_badal_api.py:295: in test_update_offer
    offer_id = offers[0]["id"]
               ^^^^^^^^^
E   KeyError: 0</failure></testcase><testcase classname="tests.test_badal_api.TestOffers" name="test_update_offer_status" time="0.290"><failure message="KeyError: 0">tests/test_badal_api.py:324: in test_update_offer_status
    offer_id = offers[0]["id"]
               ^^^^^^^^^
E   KeyError: 0</failure></testcase><testcase classname="tests.test_badal_api.TestBlog" name="test_get_blog_posts" time="0.033" /></testsuite></testsuites>